Unity Editor version:    2020.3.24f1 (79c78de19888)
Branch:                  2020.3/staging
Build type:              Release
Batch mode:              YES
macOS version:           Version 12.0.1 (Build 21A559)
Darwin version:          21.1.0
Architecture:            x86_64
Running under Rosetta:   NO
Available memory:        8192 MB
Using pre-set license
Pro License: NO

COMMAND LINE ARGUMENTS:
/Applications/Unity/Hub/Editor/2020.3.24f1/Unity.app/Contents/MacOS/Unity
-adb2
-batchMode
-noUpm
-name
AssetImportWorker0
-projectPath
/Users/worker/unity/NewOne
-logFile
Logs/AssetImportWorker0.log
-srvPort
49365
Successfully changed project path to: /Users/worker/unity/NewOne
/Users/worker/unity/NewOne
Using Asset Import Pipeline V2.
Refreshing native plugins compatible for Editor in 72.95 ms, found 3 plugins.
Preloading 0 native plugins for Editor in 0.00 ms.
Initialize engine version: 2020.3.24f1 (79c78de19888)
[Subsystems] Discovering subsystems at path /Applications/Unity/Hub/Editor/2020.3.24f1/Unity.app/Contents/Resources/UnitySubsystems
[Subsystems] Discovering subsystems at path /Users/worker/unity/NewOne/Assets
GfxDevice: creating device client; threaded=0
2021-12-03 19:50:29.574 Unity[2820:63413] Color LCD preferred device: Intel(R) Iris(TM) Graphics 6100 (low power)
2021-12-03 19:50:29.574 Unity[2820:63413] Metal devices available: 1
2021-12-03 19:50:29.574 Unity[2820:63413] 0: Intel(R) Iris(TM) Graphics 6100 (low power)
2021-12-03 19:50:29.575 Unity[2820:63413] Using device Intel(R) Iris(TM) Graphics 6100 (low power)
Initializing Metal device caps: Intel(R) Iris(TM) Graphics 6100
Initialize mono
Mono path[0] = '/Applications/Unity/Hub/Editor/2020.3.24f1/Unity.app/Contents/Managed'
Mono path[1] = '/Applications/Unity/Hub/Editor/2020.3.24f1/Unity.app/Contents/MonoBleedingEdge/lib/mono/unityjit'
Mono config path = '/Applications/Unity/Hub/Editor/2020.3.24f1/Unity.app/Contents/MonoBleedingEdge/etc'
Using monoOptions --debugger-agent=transport=dt_socket,embedding=1,server=y,suspend=n,address=127.0.0.1:56820
Begin MonoManager ReloadAssembly
Registering precompiled unity dll's ...
Register platform support module: /Applications/Unity/Hub/Editor/2020.3.24f1/Unity.app/Contents/PlaybackEngines/MacStandaloneSupport/UnityEditor.OSXStandalone.Extensions.dll
Registered in 0.002666 seconds.
Native extension for OSXStandalone target not found
Refreshing native plugins compatible for Editor in 53.44 ms, found 3 plugins.
Preloading 0 native plugins for Editor in 0.00 ms.
Mono: successfully reloaded assembly
- Completed reload, in  0.800 seconds
Domain Reload Profiling:
	ReloadAssembly (800ms)
		BeginReloadAssembly (52ms)
			ExecutionOrderSort (0ms)
			DisableScriptedObjects (0ms)
			BackupInstance (0ms)
			ReleaseScriptingObjects (0ms)
			CreateAndSetChildDomain (1ms)
		EndReloadAssembly (647ms)
			LoadAssemblies (53ms)
			RebuildTransferFunctionScriptingTraits (0ms)
			SetupTypeCache (233ms)
			ReleaseScriptCaches (0ms)
			RebuildScriptCaches (47ms)
			SetupLoadedEditorAssemblies (254ms)
				LogAssemblyErrors (0ms)
				InitializePlatformSupportModulesInManaged (5ms)
				SetLoadedEditorAssemblies (0ms)
				RefreshPlugins (53ms)
				BeforeProcessingInitializeOnLoad (37ms)
				ProcessInitializeOnLoadAttributes (120ms)
				ProcessInitializeOnLoadMethodAttributes (38ms)
				AfterProcessingInitializeOnLoad (0ms)
				EditorAssembliesLoaded (0ms)
			ExecutionOrderSort2 (0ms)
			AwakeInstancesAfterBackupRestoration (0ms)
Platform modules already initialized, skipping
Registering precompiled user dll's ...
Registered in 0.006255 seconds.
Begin MonoManager ReloadAssembly
Native extension for OSXStandalone target not found
Refreshing native plugins compatible for Editor in 57.69 ms, found 3 plugins.
Preloading 0 native plugins for Editor in 0.00 ms.
Mono: successfully reloaded assembly
- Completed reload, in  1.698 seconds
Domain Reload Profiling:
	ReloadAssembly (1700ms)
		BeginReloadAssembly (212ms)
			ExecutionOrderSort (0ms)
			DisableScriptedObjects (7ms)
			BackupInstance (0ms)
			ReleaseScriptingObjects (0ms)
			CreateAndSetChildDomain (43ms)
		EndReloadAssembly (1407ms)
			LoadAssemblies (142ms)
			RebuildTransferFunctionScriptingTraits (0ms)
			SetupTypeCache (487ms)
			ReleaseScriptCaches (1ms)
			RebuildScriptCaches (75ms)
			SetupLoadedEditorAssemblies (518ms)
				LogAssemblyErrors (0ms)
				InitializePlatformSupportModulesInManaged (5ms)
				SetLoadedEditorAssemblies (0ms)
				RefreshPlugins (58ms)
				BeforeProcessingInitializeOnLoad (112ms)
				ProcessInitializeOnLoadAttributes (296ms)
				ProcessInitializeOnLoadMethodAttributes (46ms)
				AfterProcessingInitializeOnLoad (2ms)
				EditorAssembliesLoaded (0ms)
			ExecutionOrderSort2 (0ms)
			AwakeInstancesAfterBackupRestoration (10ms)
Platform modules already initialized, skipping
Validating Project structure ... 0.000745 seconds.
Shader import version has changed; will reimport all shaders...
Upgrading shader files ...0.000447 seconds.
Application.AssetDatabase Initial Script Refresh Start
RefreshInfo: InitialScriptRefreshV2(NoUpdateAssetOptions) scanfilter:  ... 1 filters
RefreshProfiler: Total: 0.000ms
Application.AssetDatabase Initial Script Refresh End
Application.AssetDatabase.Refresh Start
Application.AssetDatabase.Refresh End
RefreshInfo: StopAssetImportingV2(ForceSynchronousImport) scanfilter: 
RefreshProfiler: Total: 0.000ms
Launching external process: /Applications/Unity/Hub/Editor/2020.3.24f1/Unity.app/Contents/Tools/UnityShaderCompiler
Launched and connected shader compiler UnityShaderCompiler after 0.11 seconds
Initializing Unity extensions:
2021-12-03 19:50:34.175 Unity[2820:63413] NSEventModifierFlagFunction specified to -setKeyEquivalentModifierMask: for item <NSMenuItem: 0x600002a60230 Font Asset, ke='Command-F12'>, but is only supported for system-provided menu items; will not be used
2021-12-03 19:50:34.181 Unity[2820:63413] NSEventModifierFlagFunction specified to -setKeyEquivalentModifierMask: for item <NSMenuItem: 0x600002a7d650 Font Asset, ke='Command-F12'>, but is only supported for system-provided menu items; will not be used
========================================================================
Worker process is ready to serve import requests
Refreshing native plugins compatible for Editor in 0.50 ms, found 3 plugins.
Preloading 0 native plugins for Editor in 0.00 ms.
Unloading 2196 Unused Serialized files (Serialized files now loaded: 0)
System memory in use before: 226.6 MB.
System memory in use after: 225.9 MB.

Unloading 102 unused Assets to reduce memory usage. Loaded Objects now: 2668.
Total: 4.554089 ms (FindLiveObjects: 0.310692 ms CreateObjectMapping: 0.089016 ms MarkObjects: 3.551604 ms  DeleteObjects: 0.601394 ms)

AssetImportParameters requested are different than current active one (requested -> active):
  custom:video-decoder-ogg-theora: a1e56fd34408186e4bbccfd4996cb3dc -> 
  custom:container-muxer-webm: aa71ff27fc2769a1b78a27578f13a17b -> 
  custom:container-demuxer-webm: 4f35f7cbe854078d1ac9338744f61a02 -> 
  custom:container-demuxer-ogg: 62fdf1f143b41e24485cea50d1cbac27 -> 
  custom:video-encoder-webm-vp8: eb34c28f22e8b96e1ab97ce403110664 -> 
  custom:framework-osx-AVFoundation: e770b220cccbd017edd2c1fefb359320 -> 
  custom:video-decoder-webm-vp8: 9c59270c3fd7afecdb556c50c9e8de78 -> 
  custom:audio-decoder-ogg-vorbis: bf7c407c2cedff20999df2af8eb42d56 -> 
  custom:audio-encoder-webm-vorbis: bf7c407c2cedff20999df2af8eb42d56 -> 
========================================================================
Received Import Request.
  path: Assets/Prefabs
  artifactKey: Guid(1a30b3c3d0e3b4d81ad97b1696a5dd15) Importer(815301076,1909f56bfc062723c751e8b465ee728b)
Start importing Assets/Prefabs using Guid(1a30b3c3d0e3b4d81ad97b1696a5dd15) Importer(815301076,1909f56bfc062723c751e8b465ee728b)  -> (artifact id: '6c2790264eac52bba39b0d0c338c19c6') in 0.006763 seconds 
  Import took 0.010741 seconds .

========================================================================
Received Import Request.
  Time since last request: 6.385745 seconds.
  path: Assets/Sprites
  artifactKey: Guid(19bf1ad8bcd3647f794738c24260f504) Importer(815301076,1909f56bfc062723c751e8b465ee728b)
Start importing Assets/Sprites using Guid(19bf1ad8bcd3647f794738c24260f504) Importer(815301076,1909f56bfc062723c751e8b465ee728b)  -> (artifact id: '2d1476ab9a69ada29dbd235867e05c32') in 0.002604 seconds 
  Import took 0.006867 seconds .

========================================================================
Received Import Request.
  Time since last request: 127.676555 seconds.
  path: Assets/Sprites/Fighter
  artifactKey: Guid(238c65caa925041f0b11da1bcea96c6c) Importer(815301076,1909f56bfc062723c751e8b465ee728b)
Start importing Assets/Sprites/Fighter using Guid(238c65caa925041f0b11da1bcea96c6c) Importer(815301076,1909f56bfc062723c751e8b465ee728b)  -> (artifact id: '6b8407598a41e9f7c62b6b5c5afc9045') in 0.002817 seconds 
  Import took 0.007950 seconds .

========================================================================
Received Import Request.
  Time since last request: 34.292317 seconds.
  path: Assets/Sprites/Fighter/Walk
  artifactKey: Guid(e6235e861f8004887bff179b93c7c72e) Importer(815301076,1909f56bfc062723c751e8b465ee728b)
Start importing Assets/Sprites/Fighter/Walk using Guid(e6235e861f8004887bff179b93c7c72e) Importer(815301076,1909f56bfc062723c751e8b465ee728b)  -> (artifact id: '36db41da7c022b438e0a537d6da68a19') in 0.001935 seconds 
  Import took 0.007228 seconds .

========================================================================
Received Import Request.
  Time since last request: 0.155529 seconds.
  path: Assets/Sprites/Fighter/Walk/__Boxing04_Walk_000.png
  artifactKey: Guid(7a2bb4d5c55d54b62b80bb421c5670b1) Importer(815301076,1909f56bfc062723c751e8b465ee728b)
Start importing Assets/Sprites/Fighter/Walk/__Boxing04_Walk_000.png using Guid(7a2bb4d5c55d54b62b80bb421c5670b1) Importer(815301076,1909f56bfc062723c751e8b465ee728b)  -> (artifact id: '895dc4f468eeb4510c4bf63a9daa7e89') in 1.574014 seconds 
  Import took 1.584571 seconds .

========================================================================
Received Import Request.
  Time since last request: 0.000302 seconds.
  path: Assets/Sprites/Fighter/Walk/__Boxing04_Walk_002.png
  artifactKey: Guid(f54d2237496ef4ad7867644fed933a4b) Importer(815301076,1909f56bfc062723c751e8b465ee728b)
Start importing Assets/Sprites/Fighter/Walk/__Boxing04_Walk_002.png using Guid(f54d2237496ef4ad7867644fed933a4b) Importer(815301076,1909f56bfc062723c751e8b465ee728b)  -> (artifact id: 'ccecdae146f72c68d793e3675354885c') in 0.040063 seconds 
  Import took 0.045706 seconds .

========================================================================
Received Import Request.
  Time since last request: 0.000283 seconds.
  path: Assets/Sprites/Fighter/Walk/__Boxing04_Walk_006.png
  artifactKey: Guid(4348ae72e675846609d6fc43c4dd11a2) Importer(815301076,1909f56bfc062723c751e8b465ee728b)
Start importing Assets/Sprites/Fighter/Walk/__Boxing04_Walk_006.png using Guid(4348ae72e675846609d6fc43c4dd11a2) Importer(815301076,1909f56bfc062723c751e8b465ee728b)  -> (artifact id: '3db694c00549ae0f9d54ab600ff6a426') in 0.040450 seconds 
  Import took 0.044356 seconds .

========================================================================
Received Import Request.
  Time since last request: 0.000338 seconds.
  path: Assets/Sprites/Fighter/Walk/__Boxing04_Walk_007.png
  artifactKey: Guid(91f588d78cc6b4d189dfdac9207c0fd3) Importer(815301076,1909f56bfc062723c751e8b465ee728b)
Start importing Assets/Sprites/Fighter/Walk/__Boxing04_Walk_007.png using Guid(91f588d78cc6b4d189dfdac9207c0fd3) Importer(815301076,1909f56bfc062723c751e8b465ee728b)  -> (artifact id: '19f2be0f0f71a3190f218102849c5cd4') in 0.028278 seconds 
  Import took 0.032725 seconds .

========================================================================
Received Import Request.
  Time since last request: 0.000340 seconds.
  path: Assets/Sprites/Fighter/Walk/__Boxing04_Walk_008.png
  artifactKey: Guid(7e18f53ff5d29494b84bf35bef54dd9b) Importer(815301076,1909f56bfc062723c751e8b465ee728b)
Start importing Assets/Sprites/Fighter/Walk/__Boxing04_Walk_008.png using Guid(7e18f53ff5d29494b84bf35bef54dd9b) Importer(815301076,1909f56bfc062723c751e8b465ee728b)  -> (artifact id: 'dff6e291fad358c7494399982c230ba8') in 0.051706 seconds 
  Import took 0.056977 seconds .

========================================================================
Received Import Request.
  Time since last request: 0.000382 seconds.
  path: Assets/Sprites/Fighter/Walk/__Boxing04_Walk_001.png
  artifactKey: Guid(0ad57726ac3514a6e81b8f54c5b41d60) Importer(815301076,1909f56bfc062723c751e8b465ee728b)
Start importing Assets/Sprites/Fighter/Walk/__Boxing04_Walk_001.png using Guid(0ad57726ac3514a6e81b8f54c5b41d60) Importer(815301076,1909f56bfc062723c751e8b465ee728b)  -> (artifact id: 'ede994cc64f7a00bc90e353e2f15a575') in 0.057215 seconds 
  Import took 0.071378 seconds .

========================================================================
Received Import Request.
  Time since last request: 0.001370 seconds.
  path: Assets/Sprites/Fighter/Walk/__Boxing04_Walk_005.png
  artifactKey: Guid(3af4d19add7a245129714cd17ae35cc8) Importer(815301076,1909f56bfc062723c751e8b465ee728b)
Start importing Assets/Sprites/Fighter/Walk/__Boxing04_Walk_005.png using Guid(3af4d19add7a245129714cd17ae35cc8) Importer(815301076,1909f56bfc062723c751e8b465ee728b)  -> (artifact id: 'd84b006d3be18668ed1ff750fd4a7109') in 0.030700 seconds 
  Import took 0.041844 seconds .

========================================================================
Received Import Request.
  Time since last request: 0.001002 seconds.
  path: Assets/Sprites/Fighter/Walk/__Boxing04_Walk_009.png
  artifactKey: Guid(6f548206af48c4e518ca4a6b12f6eb1a) Importer(815301076,1909f56bfc062723c751e8b465ee728b)
Start importing Assets/Sprites/Fighter/Walk/__Boxing04_Walk_009.png using Guid(6f548206af48c4e518ca4a6b12f6eb1a) Importer(815301076,1909f56bfc062723c751e8b465ee728b)  -> (artifact id: 'bf84a80da6abb139570804e4ebe0d8b9') in 0.058529 seconds 
  Import took 0.066043 seconds .

========================================================================
Received Import Request.
  Time since last request: 0.000387 seconds.
  path: Assets/Sprites/Fighter/Walk/__Boxing04_Walk_003.png
  artifactKey: Guid(3620e00b81f0e4d3793af643080a27a3) Importer(815301076,1909f56bfc062723c751e8b465ee728b)
Start importing Assets/Sprites/Fighter/Walk/__Boxing04_Walk_003.png using Guid(3620e00b81f0e4d3793af643080a27a3) Importer(815301076,1909f56bfc062723c751e8b465ee728b)  -> (artifact id: 'ae30b0088d92895321bced7009babc0b') in 0.061985 seconds 
  Import took 0.069576 seconds .

========================================================================
Received Import Request.
  Time since last request: 0.000395 seconds.
  path: Assets/Sprites/Fighter/Walk/__Boxing04_Walk_004.png
  artifactKey: Guid(f4acd149d9c464c2a81c221693a61488) Importer(815301076,1909f56bfc062723c751e8b465ee728b)
Start importing Assets/Sprites/Fighter/Walk/__Boxing04_Walk_004.png using Guid(f4acd149d9c464c2a81c221693a61488) Importer(815301076,1909f56bfc062723c751e8b465ee728b)  -> (artifact id: '56db3eb4185b489b7f0ffdf2c67ed4d0') in 0.062717 seconds 
  Import took 0.076405 seconds .

========================================================================
Received Import Request.
  Time since last request: 63.909700 seconds.
  path: Assets/Animations
  artifactKey: Guid(89175dadc54974d85a73eb1f2e1000f7) Importer(815301076,1909f56bfc062723c751e8b465ee728b)
Start importing Assets/Animations using Guid(89175dadc54974d85a73eb1f2e1000f7) Importer(815301076,1909f56bfc062723c751e8b465ee728b)  -> (artifact id: '46d30871559627c22f7584e49c3125a2') in 0.002627 seconds 
  Import took 0.007415 seconds .

========================================================================
Received Import Request.
  Time since last request: 49.616341 seconds.
  path: Assets/Sprites/Fighter/Idle
  artifactKey: Guid(649c2eff900314475a2d3c31fbc581bb) Importer(815301076,1909f56bfc062723c751e8b465ee728b)
Start importing Assets/Sprites/Fighter/Idle using Guid(649c2eff900314475a2d3c31fbc581bb) Importer(815301076,1909f56bfc062723c751e8b465ee728b)  -> (artifact id: '50eaf2e14be2674d1b4ec634494dd6d1') in 0.001867 seconds 
  Import took 0.017519 seconds .

========================================================================
Received Import Request.
  Time since last request: 0.085586 seconds.
  path: Assets/Sprites/Fighter/Idle/__Boxing04_Idle_000.png
  artifactKey: Guid(105f64579c65c4b7489fbcd471c68e3d) Importer(815301076,1909f56bfc062723c751e8b465ee728b)
Start importing Assets/Sprites/Fighter/Idle/__Boxing04_Idle_000.png using Guid(105f64579c65c4b7489fbcd471c68e3d) Importer(815301076,1909f56bfc062723c751e8b465ee728b)  -> (artifact id: '5a83aefcf0f2cb435bb9acbf082625da') in 0.039386 seconds 
  Import took 0.045829 seconds .

========================================================================
Received Import Request.
  Time since last request: 0.000409 seconds.
  path: Assets/Sprites/Fighter/Idle/__Boxing04_Idle_005.png
  artifactKey: Guid(cd00a22d85ca24f02a85d8c8e0d2716a) Importer(815301076,1909f56bfc062723c751e8b465ee728b)
Start importing Assets/Sprites/Fighter/Idle/__Boxing04_Idle_005.png using Guid(cd00a22d85ca24f02a85d8c8e0d2716a) Importer(815301076,1909f56bfc062723c751e8b465ee728b)  -> (artifact id: 'f630d2c327b26fb8f8ad1b1a4ecde06e') in 0.062545 seconds 
  Import took 0.072948 seconds .

========================================================================
Received Import Request.
  Time since last request: 0.000548 seconds.
  path: Assets/Sprites/Fighter/Idle/__Boxing04_Idle_006.png
  artifactKey: Guid(9436fb225c51b44d197c72d4945d6fc5) Importer(815301076,1909f56bfc062723c751e8b465ee728b)
Start importing Assets/Sprites/Fighter/Idle/__Boxing04_Idle_006.png using Guid(9436fb225c51b44d197c72d4945d6fc5) Importer(815301076,1909f56bfc062723c751e8b465ee728b)  -> (artifact id: '1f37af63f2dc642e1434a8a89fcee505') in 0.040675 seconds 
  Import took 0.047817 seconds .

========================================================================
Received Import Request.
  Time since last request: 0.000340 seconds.
  path: Assets/Sprites/Fighter/Idle/__Boxing04_Idle_004.png
  artifactKey: Guid(54df2b6d9c0954aa281a6106c7fd2a06) Importer(815301076,1909f56bfc062723c751e8b465ee728b)
Start importing Assets/Sprites/Fighter/Idle/__Boxing04_Idle_004.png using Guid(54df2b6d9c0954aa281a6106c7fd2a06) Importer(815301076,1909f56bfc062723c751e8b465ee728b)  -> (artifact id: 'c52b3e44eb73445e18c7b57d0fb1f4e4') in 0.036996 seconds 
  Import took 0.041506 seconds .

========================================================================
Received Import Request.
  Time since last request: 0.000586 seconds.
  path: Assets/Sprites/Fighter/Idle/__Boxing04_Idle_002.png
  artifactKey: Guid(8e9ffc2cd82f848558333c902f2ee73a) Importer(815301076,1909f56bfc062723c751e8b465ee728b)
Start importing Assets/Sprites/Fighter/Idle/__Boxing04_Idle_002.png using Guid(8e9ffc2cd82f848558333c902f2ee73a) Importer(815301076,1909f56bfc062723c751e8b465ee728b)  -> (artifact id: '8c3ac38fc3861c501c805a8ba53a3cfa') in 0.044336 seconds 
  Import took 0.056080 seconds .

========================================================================
Received Import Request.
  Time since last request: 0.000291 seconds.
  path: Assets/Sprites/Fighter/Idle/__Boxing04_Idle_008.png
  artifactKey: Guid(16bff09fc47124929a09e43614589356) Importer(815301076,1909f56bfc062723c751e8b465ee728b)
Start importing Assets/Sprites/Fighter/Idle/__Boxing04_Idle_008.png using Guid(16bff09fc47124929a09e43614589356) Importer(815301076,1909f56bfc062723c751e8b465ee728b)  -> (artifact id: '689db568fc79cf5bcd94b1225c4b4fdd') in 0.053923 seconds 
  Import took 0.058230 seconds .

========================================================================
Received Import Request.
  Time since last request: 0.000379 seconds.
  path: Assets/Sprites/Fighter/Idle/__Boxing04_Idle_003.png
  artifactKey: Guid(39a343cb816a34ccfb59b4eeafa99614) Importer(815301076,1909f56bfc062723c751e8b465ee728b)
Start importing Assets/Sprites/Fighter/Idle/__Boxing04_Idle_003.png using Guid(39a343cb816a34ccfb59b4eeafa99614) Importer(815301076,1909f56bfc062723c751e8b465ee728b)  -> (artifact id: '0343b22a671a7a1f6bd45fc4bea169a5') in 0.083684 seconds 
  Import took 0.090578 seconds .

========================================================================
Received Import Request.
  Time since last request: 0.000325 seconds.
  path: Assets/Sprites/Fighter/Idle/__Boxing04_Idle_009.png
  artifactKey: Guid(0dadb9b2eff334558a7b853b8bc9b482) Importer(815301076,1909f56bfc062723c751e8b465ee728b)
Start importing Assets/Sprites/Fighter/Idle/__Boxing04_Idle_009.png using Guid(0dadb9b2eff334558a7b853b8bc9b482) Importer(815301076,1909f56bfc062723c751e8b465ee728b)  -> (artifact id: 'f4455f2984c12440ae75d1c6beccdd93') in 0.045583 seconds 
  Import took 0.051179 seconds .

========================================================================
Received Import Request.
  Time since last request: 0.000386 seconds.
  path: Assets/Sprites/Fighter/Idle/__Boxing04_Idle_001.png
  artifactKey: Guid(bf72c824a09114241856e69ff21b8acf) Importer(815301076,1909f56bfc062723c751e8b465ee728b)
Start importing Assets/Sprites/Fighter/Idle/__Boxing04_Idle_001.png using Guid(bf72c824a09114241856e69ff21b8acf) Importer(815301076,1909f56bfc062723c751e8b465ee728b)  -> (artifact id: '8bca1c2c88815243741a7bb684db79ae') in 0.070758 seconds 
  Import took 0.078025 seconds .

========================================================================
Received Import Request.
  Time since last request: 0.000836 seconds.
  path: Assets/Sprites/Fighter/Idle/__Boxing04_Idle_007.png
  artifactKey: Guid(faa41142e8d874b81a2bcbe911386e7e) Importer(815301076,1909f56bfc062723c751e8b465ee728b)
Start importing Assets/Sprites/Fighter/Idle/__Boxing04_Idle_007.png using Guid(faa41142e8d874b81a2bcbe911386e7e) Importer(815301076,1909f56bfc062723c751e8b465ee728b)  -> (artifact id: 'd4e68dfa1222dbaa92ce8175d57dc5f4') in 0.061231 seconds 
  Import took 0.067022 seconds .

========================================================================
Received Import Request.
  Time since last request: 36.155158 seconds.
  path: Assets/Animations/__Boxing04_Idle_000.controller
  artifactKey: Guid(729fa2ac578ce4a2c90f7e1644c65531) Importer(815301076,1909f56bfc062723c751e8b465ee728b)
Start importing Assets/Animations/__Boxing04_Idle_000.controller using Guid(729fa2ac578ce4a2c90f7e1644c65531) Importer(815301076,1909f56bfc062723c751e8b465ee728b)  -> (artifact id: '726d4444e9be9372876e3f0f2404a71e') in 0.974281 seconds 
  Import took 0.982104 seconds .

========================================================================
Received Import Request.
  Time since last request: 14.811959 seconds.
  path: Assets/Animations/FighterIdleController.controller
  artifactKey: Guid(729fa2ac578ce4a2c90f7e1644c65531) Importer(815301076,1909f56bfc062723c751e8b465ee728b)
Start importing Assets/Animations/FighterIdleController.controller using Guid(729fa2ac578ce4a2c90f7e1644c65531) Importer(815301076,1909f56bfc062723c751e8b465ee728b)  -> (artifact id: '8e287b93de28f4bd2e1e51d612dae62c') in 0.011269 seconds 
  Import took 0.029162 seconds .

========================================================================
Received Import Request.
  Time since last request: 46.354901 seconds.
  path: Assets/Prefabs/Fighter.prefab
  artifactKey: Guid(62160702dea8242879c28a656b376d3c) Importer(815301076,1909f56bfc062723c751e8b465ee728b)
Start importing Assets/Prefabs/Fighter.prefab using Guid(62160702dea8242879c28a656b376d3c) Importer(815301076,1909f56bfc062723c751e8b465ee728b)  -> (artifact id: '6d83833aaf84200a968b7ce5c3938b56') in 0.305701 seconds 
  Import took 0.325393 seconds .

========================================================================
Received Import Request.
  Time since last request: 28.161645 seconds.
  path: Assets/Prefabs/Fighter.prefab
  artifactKey: Guid(62160702dea8242879c28a656b376d3c) Importer(815301076,1909f56bfc062723c751e8b465ee728b)
Start importing Assets/Prefabs/Fighter.prefab using Guid(62160702dea8242879c28a656b376d3c) Importer(815301076,1909f56bfc062723c751e8b465ee728b)  -> (artifact id: '1ad2dbaa69588620d33dee120176a8e2') in 0.046900 seconds 
  Import took 0.056678 seconds .

========================================================================
Received Import Request.
  Time since last request: 7.039495 seconds.
  path: Assets/Prefabs/Fighter.prefab
  artifactKey: Guid(62160702dea8242879c28a656b376d3c) Importer(815301076,1909f56bfc062723c751e8b465ee728b)
Start importing Assets/Prefabs/Fighter.prefab using Guid(62160702dea8242879c28a656b376d3c) Importer(815301076,1909f56bfc062723c751e8b465ee728b)  -> (artifact id: '3ccfb73305c51ab08a3f7dc46a7840d5') in 0.049928 seconds 
  Import took 0.061827 seconds .

========================================================================
Received Import Request.
  Time since last request: 5.812949 seconds.
  path: Assets/Prefabs/Fighter.prefab
  artifactKey: Guid(62160702dea8242879c28a656b376d3c) Importer(815301076,1909f56bfc062723c751e8b465ee728b)
Start importing Assets/Prefabs/Fighter.prefab using Guid(62160702dea8242879c28a656b376d3c) Importer(815301076,1909f56bfc062723c751e8b465ee728b)  -> (artifact id: '5f11c2f67f6f563594f0ff6469ccaed2') in 0.038141 seconds 
  Import took 0.047771 seconds .

========================================================================
Received Import Request.
  Time since last request: 6.296356 seconds.
  path: Assets/Prefabs/Fighter.prefab
  artifactKey: Guid(62160702dea8242879c28a656b376d3c) Importer(815301076,1909f56bfc062723c751e8b465ee728b)
Start importing Assets/Prefabs/Fighter.prefab using Guid(62160702dea8242879c28a656b376d3c) Importer(815301076,1909f56bfc062723c751e8b465ee728b)  -> (artifact id: '59c67d08003904befe26647c79a1ad9c') in 0.101121 seconds 
  Import took 0.118673 seconds .

========================================================================
Received Import Request.
  Time since last request: 4.393555 seconds.
  path: Assets/Prefabs/Fighter.prefab
  artifactKey: Guid(62160702dea8242879c28a656b376d3c) Importer(815301076,1909f56bfc062723c751e8b465ee728b)
Start importing Assets/Prefabs/Fighter.prefab using Guid(62160702dea8242879c28a656b376d3c) Importer(815301076,1909f56bfc062723c751e8b465ee728b)  -> (artifact id: 'a1d7f0c526e1a6c0ad8b8892f982618e') in 0.041649 seconds 
  Import took 0.052988 seconds .

